  vkr1.cpp
c:\users\администратор\documents\visual studio 2015\projects\vkr1\vkr1\vkr1.cpp(29): error C3861: tree_genrndsymb: идентификатор не найден
c:\users\администратор\documents\visual studio 2015\projects\vkr1\vkr1\vkr1.cpp(30): error C3861: tree_genrndsymb: идентификатор не найден
c:\users\администратор\documents\visual studio 2015\projects\vkr1\vkr1\vkr1.cpp(34): error C3861: tree_genrndsymb: идентификатор не найден
c:\users\администратор\documents\visual studio 2015\projects\vkr1\vkr1\vkr1.cpp(35): error C3861: tree_genrndsymb: идентификатор не найден
c:\users\администратор\documents\visual studio 2015\projects\vkr1\vkr1\vkr1.cpp(49): warning C4244: аргумент: преобразование "time_t" в "unsigned int", возможна потеря данных
c:\users\администратор\documents\visual studio 2015\projects\vkr1\vkr1\vkr1.cpp(63): error C2561: tree_getsubtree: функция должна возвращать значение
  c:\users\администратор\documents\visual studio 2015\projects\vkr1\vkr1\vkr1.cpp(59): note:  см. объявление "tree_getsubtree"
c:\users\администратор\documents\visual studio 2015\projects\vkr1\vkr1\vkr1.cpp(71): error C2064: результатом вычисления фрагмента не является функция, принимающая 1 аргументов
c:\users\администратор\documents\visual studio 2015\projects\vkr1\vkr1\vkr1.cpp(72): error C2064: результатом вычисления фрагмента не является функция, принимающая 1 аргументов
c:\users\администратор\documents\visual studio 2015\projects\vkr1\vkr1\vkr1.cpp(73): error C2059: синтаксическая ошибка: ]
c:\users\администратор\documents\visual studio 2015\projects\vkr1\vkr1\vkr1.cpp(73): error C2143: синтаксическая ошибка: отсутствие ";" перед "{"
c:\users\администратор\documents\visual studio 2015\projects\vkr1\vkr1\vkr1.cpp(73): error C2143: синтаксическая ошибка: отсутствие ";" перед "}"
c:\users\администратор\documents\visual studio 2015\projects\vkr1\vkr1\vkr1.cpp(74): error C2059: синтаксическая ошибка: ]
c:\users\администратор\documents\visual studio 2015\projects\vkr1\vkr1\vkr1.cpp(74): error C2143: синтаксическая ошибка: отсутствие ";" перед "{"
c:\users\администратор\documents\visual studio 2015\projects\vkr1\vkr1\vkr1.cpp(74): error C2143: синтаксическая ошибка: отсутствие ";" перед "}"
c:\users\администратор\documents\visual studio 2015\projects\vkr1\vkr1\vkr1.cpp(82): warning C4244: аргумент: преобразование "time_t" в "unsigned int", возможна потеря данных
c:\users\администратор\documents\visual studio 2015\projects\vkr1\vkr1\vkr1.cpp(85): error C2561: tree_inserttree: функция должна возвращать значение
  c:\users\администратор\documents\visual studio 2015\projects\vkr1\vkr1\vkr1.cpp(80): note:  см. объявление "tree_inserttree"
c:\users\администратор\documents\visual studio 2015\projects\vkr1\vkr1\vkr1.cpp(89): warning C4554: &: проверьте порядок применения операторов на наличие ошибки; для четкого задания порядка используйте скобки
c:\users\администратор\documents\visual studio 2015\projects\vkr1\vkr1\vkr1.cpp(91): error C2064: результатом вычисления фрагмента не является функция, принимающая 1 аргументов
c:\users\администратор\documents\visual studio 2015\projects\vkr1\vkr1\vkr1.cpp(92): error C2064: результатом вычисления фрагмента не является функция, принимающая 1 аргументов
c:\users\администратор\documents\visual studio 2015\projects\vkr1\vkr1\vkr1.cpp(93): error C2059: синтаксическая ошибка: ]
c:\users\администратор\documents\visual studio 2015\projects\vkr1\vkr1\vkr1.cpp(93): error C2143: синтаксическая ошибка: отсутствие ";" перед "{"
c:\users\администратор\documents\visual studio 2015\projects\vkr1\vkr1\vkr1.cpp(93): error C2143: синтаксическая ошибка: отсутствие ";" перед "}"
c:\users\администратор\documents\visual studio 2015\projects\vkr1\vkr1\vkr1.cpp(94): error C2059: синтаксическая ошибка: ]
c:\users\администратор\documents\visual studio 2015\projects\vkr1\vkr1\vkr1.cpp(94): error C2143: синтаксическая ошибка: отсутствие ";" перед "{"
c:\users\администратор\documents\visual studio 2015\projects\vkr1\vkr1\vkr1.cpp(94): error C2143: синтаксическая ошибка: отсутствие ";" перед "}"
c:\users\администратор\documents\visual studio 2015\projects\vkr1\vkr1\vkr1.cpp(116): error C2059: синтаксическая ошибка: }
c:\users\администратор\documents\visual studio 2015\projects\vkr1\vkr1\vkr1.cpp(121): warning C4244: аргумент: преобразование "time_t" в "unsigned int", возможна потеря данных
c:\users\администратор\documents\visual studio 2015\projects\vkr1\vkr1\vkr1.cpp(125): error C2337: n: атрибут не найден
c:\users\администратор\documents\visual studio 2015\projects\vkr1\vkr1\vkr1.cpp(125): error C2337: v: атрибут не найден
c:\users\администратор\documents\visual studio 2015\projects\vkr1\vkr1\vkr1.cpp(125): error C2059: синтаксическая ошибка: =
c:\users\администратор\documents\visual studio 2015\projects\vkr1\vkr1\vkr1.cpp(126): error C2065: v: необъявленный идентификатор
c:\users\администратор\documents\visual studio 2015\projects\vkr1\vkr1\vkr1.cpp(126): error C3861: v: идентификатор не найден
c:\users\администратор\documents\visual studio 2015\projects\vkr1\vkr1\vkr1.cpp(127): warning C4554: &: проверьте порядок применения операторов на наличие ошибки; для четкого задания порядка используйте скобки
c:\users\администратор\documents\visual studio 2015\projects\vkr1\vkr1\vkr1.cpp(129): error C2064: результатом вычисления фрагмента не является функция, принимающая 1 аргументов
c:\users\администратор\documents\visual studio 2015\projects\vkr1\vkr1\vkr1.cpp(130): error C2064: результатом вычисления фрагмента не является функция, принимающая 1 аргументов
c:\users\администратор\documents\visual studio 2015\projects\vkr1\vkr1\vkr1.cpp(133): error C2064: результатом вычисления фрагмента не является функция, принимающая 1 аргументов
c:\users\администратор\documents\visual studio 2015\projects\vkr1\vkr1\vkr1.cpp(135): error C2064: результатом вычисления фрагмента не является функция, принимающая 1 аргументов
c:\users\администратор\documents\visual studio 2015\projects\vkr1\vkr1\vkr1.cpp(136): error C2064: результатом вычисления фрагмента не является функция, принимающая 1 аргументов
