  stdafx.cpp
  vkr1.cpp
c:\users\администратор\source\repos\diploma\vkr1\vkr1.cpp(30): error C3861: tree_genrndsymb: идентификатор не найден
c:\users\администратор\source\repos\diploma\vkr1\vkr1.cpp(31): error C3861: tree_genrndsymb: идентификатор не найден
c:\users\администратор\source\repos\diploma\vkr1\vkr1.cpp(35): error C3861: tree_genrndsymb: идентификатор не найден
c:\users\администратор\source\repos\diploma\vkr1\vkr1.cpp(36): error C3861: tree_genrndsymb: идентификатор не найден
c:\users\администратор\source\repos\diploma\vkr1\vkr1.cpp(50): warning C4244: аргумент: преобразование "time_t" в "unsigned int", возможна потеря данных
c:\users\администратор\source\repos\diploma\vkr1\vkr1.cpp(65): error C2561: tree_getsubtree: функция должна возвращать значение
  c:\users\администратор\source\repos\diploma\vkr1\vkr1.cpp(60): note:  см. объявление "tree_getsubtree"
c:\users\администратор\source\repos\diploma\vkr1\vkr1.cpp(73): error C2064: результатом вычисления фрагмента не является функция, принимающая 1 аргументов
c:\users\администратор\source\repos\diploma\vkr1\vkr1.cpp(74): error C2064: результатом вычисления фрагмента не является функция, принимающая 1 аргументов
c:\users\администратор\source\repos\diploma\vkr1\vkr1.cpp(75): error C2059: синтаксическая ошибка: ]
c:\users\администратор\source\repos\diploma\vkr1\vkr1.cpp(75): error C2143: синтаксическая ошибка: отсутствие ";" перед "{"
c:\users\администратор\source\repos\diploma\vkr1\vkr1.cpp(75): error C2143: синтаксическая ошибка: отсутствие ";" перед "}"
c:\users\администратор\source\repos\diploma\vkr1\vkr1.cpp(76): error C2059: синтаксическая ошибка: ]
c:\users\администратор\source\repos\diploma\vkr1\vkr1.cpp(76): error C2143: синтаксическая ошибка: отсутствие ";" перед "{"
c:\users\администратор\source\repos\diploma\vkr1\vkr1.cpp(76): error C2143: синтаксическая ошибка: отсутствие ";" перед "}"
c:\users\администратор\source\repos\diploma\vkr1\vkr1.cpp(85): warning C4244: аргумент: преобразование "time_t" в "unsigned int", возможна потеря данных
c:\users\администратор\source\repos\diploma\vkr1\vkr1.cpp(88): error C2561: tree_inserttree: функция должна возвращать значение
  c:\users\администратор\source\repos\diploma\vkr1\vkr1.cpp(82): note:  см. объявление "tree_inserttree"
c:\users\администратор\source\repos\diploma\vkr1\vkr1.cpp(92): warning C4554: &: проверьте порядок применения операторов на наличие ошибки; для четкого задания порядка используйте скобки
c:\users\администратор\source\repos\diploma\vkr1\vkr1.cpp(94): error C2064: результатом вычисления фрагмента не является функция, принимающая 1 аргументов
c:\users\администратор\source\repos\diploma\vkr1\vkr1.cpp(95): error C2064: результатом вычисления фрагмента не является функция, принимающая 1 аргументов
c:\users\администратор\source\repos\diploma\vkr1\vkr1.cpp(96): error C2059: синтаксическая ошибка: ]
c:\users\администратор\source\repos\diploma\vkr1\vkr1.cpp(96): error C2143: синтаксическая ошибка: отсутствие ";" перед "{"
c:\users\администратор\source\repos\diploma\vkr1\vkr1.cpp(96): error C2143: синтаксическая ошибка: отсутствие ";" перед "}"
c:\users\администратор\source\repos\diploma\vkr1\vkr1.cpp(97): error C2059: синтаксическая ошибка: ]
c:\users\администратор\source\repos\diploma\vkr1\vkr1.cpp(97): error C2143: синтаксическая ошибка: отсутствие ";" перед "{"
c:\users\администратор\source\repos\diploma\vkr1\vkr1.cpp(97): error C2143: синтаксическая ошибка: отсутствие ";" перед "}"
c:\users\администратор\source\repos\diploma\vkr1\vkr1.cpp(120): error C2059: синтаксическая ошибка: }
c:\users\администратор\source\repos\diploma\vkr1\vkr1.cpp(126): warning C4244: аргумент: преобразование "time_t" в "unsigned int", возможна потеря данных
c:\users\администратор\source\repos\diploma\vkr1\vkr1.cpp(130): error C2337: n: атрибут не найден
c:\users\администратор\source\repos\diploma\vkr1\vkr1.cpp(130): error C2337: v: атрибут не найден
c:\users\администратор\source\repos\diploma\vkr1\vkr1.cpp(130): error C2059: синтаксическая ошибка: =
c:\users\администратор\source\repos\diploma\vkr1\vkr1.cpp(131): error C2065: v: необъявленный идентификатор
c:\users\администратор\source\repos\diploma\vkr1\vkr1.cpp(131): error C3861: v: идентификатор не найден
c:\users\администратор\source\repos\diploma\vkr1\vkr1.cpp(132): warning C4554: &: проверьте порядок применения операторов на наличие ошибки; для четкого задания порядка используйте скобки
c:\users\администратор\source\repos\diploma\vkr1\vkr1.cpp(134): error C2064: результатом вычисления фрагмента не является функция, принимающая 1 аргументов
c:\users\администратор\source\repos\diploma\vkr1\vkr1.cpp(135): error C2064: результатом вычисления фрагмента не является функция, принимающая 1 аргументов
c:\users\администратор\source\repos\diploma\vkr1\vkr1.cpp(138): error C2064: результатом вычисления фрагмента не является функция, принимающая 1 аргументов
c:\users\администратор\source\repos\diploma\vkr1\vkr1.cpp(140): error C2064: результатом вычисления фрагмента не является функция, принимающая 1 аргументов
c:\users\администратор\source\repos\diploma\vkr1\vkr1.cpp(141): error C2064: результатом вычисления фрагмента не является функция, принимающая 1 аргументов
